<?xml version="1.0" encoding="UTF-8"?>
<!-- Generated by org.testng.reporters.JUnitReportReporter -->
<testsuite hostname="DESKTOP-GCBKI80" failures="0" tests="5" name="com.tarottalk.today.stepdefenitions.Runner" time="149.643" errors="1" timestamp="2024-08-23T19:16:03 IST" skipped="0">
  <testcase classname="com.tarottalk.today.stepdefenitions.Runner" name="runScenario" time="25.639"/>
  <testcase classname="com.tarottalk.today.stepdefenitions.Runner" name="runScenario" time="47.592">
    <error message="Expected condition failed: waiting for visibility of all elements located by By.xpath: (//li[@class=&#039;nav-item&#039;]/a)[4] (tried for 10 second(s) with 500 milliseconds interval)
Build info: version: &#039;4.23.0&#039;, revision: &#039;4df0a231af&#039;
System info: os.name: &#039;Windows 10&#039;, os.arch: &#039;amd64&#039;, os.version: &#039;10.0&#039;, java.version: &#039;21.0.2&#039;
Driver info: org.openqa.selenium.chrome.ChromeDriver
Capabilities {acceptInsecureCerts: false, browserName: chrome, browserVersion: 127.0.6533.122, chrome: {chromedriverVersion: 127.0.6533.119 (bdef6783a05..., userDataDir: C:\Users\subas\AppData\Loca...}, fedcm:accounts: true, goog:chromeOptions: {debuggerAddress: localhost:61553}, networkConnectionEnabled: false, pageLoadStrategy: normal, platformName: windows, proxy: Proxy(), se:cdp: ws://localhost:61553/devtoo..., se:cdpVersion: 127.0.6533.122, setWindowRect: true, strictFileInteractability: false, timeouts: {implicit: 0, pageLoad: 300000, script: 30000}, unhandledPromptBehavior: dismiss and notify, webauthn:extension:credBlob: true, webauthn:extension:largeBlob: true, webauthn:extension:minPinLength: true, webauthn:extension:prf: true, webauthn:virtualAuthenticators: true}
Session ID: a4c4c6309a293eee83ef7eac5c837487" type="org.openqa.selenium.TimeoutException">
      <![CDATA[org.openqa.selenium.TimeoutException: Expected condition failed: waiting for visibility of all elements located by By.xpath: (//li[@class='nav-item']/a)[4] (tried for 10 second(s) with 500 milliseconds interval)
Build info: version: '4.23.0', revision: '4df0a231af'
System info: os.name: 'Windows 10', os.arch: 'amd64', os.version: '10.0', java.version: '21.0.2'
Driver info: org.openqa.selenium.chrome.ChromeDriver
Capabilities {acceptInsecureCerts: false, browserName: chrome, browserVersion: 127.0.6533.122, chrome: {chromedriverVersion: 127.0.6533.119 (bdef6783a05..., userDataDir: C:\Users\subas\AppData\Loca...}, fedcm:accounts: true, goog:chromeOptions: {debuggerAddress: localhost:61553}, networkConnectionEnabled: false, pageLoadStrategy: normal, platformName: windows, proxy: Proxy(), se:cdp: ws://localhost:61553/devtoo..., se:cdpVersion: 127.0.6533.122, setWindowRect: true, strictFileInteractability: false, timeouts: {implicit: 0, pageLoad: 300000, script: 30000}, unhandledPromptBehavior: dismiss and notify, webauthn:extension:credBlob: true, webauthn:extension:largeBlob: true, webauthn:extension:minPinLength: true, webauthn:extension:prf: true, webauthn:virtualAuthenticators: true}
Session ID: a4c4c6309a293eee83ef7eac5c837487
at org.openqa.selenium.support.ui.WebDriverWait.timeoutException(WebDriverWait.java:84)
at org.openqa.selenium.support.ui.FluentWait.until(FluentWait.java:228)
at com.tarottalk.today.Driverfactory.element(Driverfactory.java:63)
at com.tarottalk.today.pages.RegistrationPage.succesMsg(RegistrationPage.java:97)
at com.tarottalk.today.stepdefenitions.Registration.verifyTheUserRegisterSuccesfully(Registration.java:86)
at âœ½.verify the user Register Succesfully(file:///C:/Users/subas/eclipse-workspace/TarotTalk_WebAutomation/src/test/resources/FeatureFiles/Registration.feature:17)
]]>
    </error>
  </testcase> <!-- runScenario -->
  <testcase classname="com.tarottalk.today.stepdefenitions.Runner" name="runScenario" time="23.302"/>
  <testcase classname="com.tarottalk.today.stepdefenitions.Runner" name="runScenario" time="26.732"/>
  <testcase classname="com.tarottalk.today.stepdefenitions.Runner" name="runScenario" time="26.378"/>
</testsuite> <!-- com.tarottalk.today.stepdefenitions.Runner -->
